<?xml version="1.0" encoding="UTF-8"?>
<!-- Generated by org.testng.reporters.JUnitReportReporter -->
<testsuite hostname="Pro-Kowsika" failures="0" tests="1" name="base.NewTest" time="0.046" errors="0" timestamp="2022-07-20T11:30:01 IST" skipped="0">
  <testcase classname="base.NewTest" name="f" time="0.046"/>
  <system-out/>
</testsuite> <!-- base.NewTest -->
